<?xml version="1.0" encoding="UTF-8"?>
<!-- Generated by org.testng.reporters.JUnitXMLReporter -->
<testsuite ignored="3" hostname="WIN-46969103703" failures="0" tests="0" time="0.007" errors="0" timestamp="2022-08-06T09:14:25 IST">
  <testcase classname="insuranceCalculation_Motorcycle.ErrorTests_motorcycle" name="verifyModelDropdownOptions" time="0.0">
    <ignored/>
  </testcase> <!-- verifyModelDropdownOptions -->
  <testcase classname="insuranceCalculation_Motorcycle.ErrorTests_motorcycle" name="errorMessage_PayLoadField1" time="0.0">
    <ignored/>
  </testcase> <!-- errorMessage_PayLoadField1 -->
  <testcase classname="insuranceCalculation_Motorcycle.ErrorTests_motorcycle" name="errorMessage_PayLoadField" time="0.0">
    <ignored/>
  </testcase> <!-- errorMessage_PayLoadField -->
</testsuite>
