<?xml version="1.0" encoding="UTF-8"?>
<testng-results ignored="3" total="3" passed="0" failed="0" skipped="0">
  <reporter-output>
  </reporter-output>
  <suite started-at="2022-08-06T09:14:25 IST" name="Default suite" finished-at="2022-08-06T09:14:25 IST" duration-ms="7">
    <groups>
    </groups>
    <test started-at="2022-08-06T09:14:25 IST" name="Default test" finished-at="2022-08-06T09:14:25 IST" duration-ms="7">
      <class name="insuranceCalculation_Motorcycle.ErrorTests_motorcycle">
        <test-method is-config="true" signature="endSetup()[pri:0, instance:insuranceCalculation_Motorcycle.ErrorTests_motorcycle@37654521]" started-at="2022-08-06T09:14:25 IST" name="endSetup" finished-at="2022-08-06T09:14:30 IST" duration-ms="5013" status="PASS">
          <reporter-output>
          </reporter-output>
        </test-method> <!-- endSetup -->
      </class> <!-- insuranceCalculation_Motorcycle.ErrorTests_motorcycle -->
    </test> <!-- Default test -->
  </suite> <!-- Default suite -->
</testng-results>
